# JRE version: Java(TM) SE Runtime Environment 18.9 (11.0.13+10) (build 11.0.13+10-LTS-370)
# Java VM: Java HotSpot(TM) 64-Bit Server VM 18.9 (11.0.13+10-LTS-370, mixed mode, tiered, compressed oops, g1 gc, windows-amd64)
Heap:
 garbage-first heap   total 189440K, used 130054K [0x0000000080000000, 0x0000000100000000)
  region size 1024K, 7 young (7168K), 1 survivors (1024K)
 Metaspace       used 116373K, capacity 119337K, committed 119936K, reserved 1153024K
  class space    used 14814K, capacity 16019K, committed 16332K, reserved 1048576K
GC Heap History (10 events):
Event: 106.987 GC heap after
{Heap after GC invocations=86 (full 0):
 garbage-first heap   total 189440K, used 126304K [0x0000000080000000, 0x0000000100000000)
  region size 1024K, 4 young (4096K), 4 survivors (4096K)
 Metaspace       used 113032K, capacity 116016K, committed 116224K, reserved 1150976K
  class space    used 14398K, capacity 15632K, committed 15692K, reserved 1048576K
}
Event: 112.839 GC heap before
{Heap before GC invocations=86 (full 0):
 garbage-first heap   total 189440K, used 158048K [0x0000000080000000, 0x0000000100000000)
  region size 1024K, 33 young (33792K), 4 survivors (4096K)
 Metaspace       used 114137K, capacity 117167K, committed 117248K, reserved 1150976K
  class space    used 14633K, capacity 15895K, committed 15948K, reserved 1048576K
}
Event: 112.846 GC heap after
{Heap after GC invocations=87 (full 0):
 garbage-first heap   total 189440K, used 126393K [0x0000000080000000, 0x0000000100000000)
  region size 1024K, 3 young (3072K), 3 survivors (3072K)
 Metaspace       used 114137K, capacity 117167K, committed 117248K, reserved 1150976K
  class space    used 14633K, capacity 15895K, committed 15948K, reserved 1048576K
}
Event: 114.904 GC heap before
{Heap before GC invocations=87 (full 0):
 garbage-first heap   total 189440K, used 157113K [0x0000000080000000, 0x0000000100000000)
  region size 1024K, 32 young (32768K), 3 survivors (3072K)
 Metaspace       used 115714K, capacity 118824K, committed 118912K, reserved 1153024K
  class space    used 14819K, capacity 16064K, committed 16076K, reserved 1048576K
}
Event: 114.907 GC heap after
{Heap after GC invocations=88 (full 0):
 garbage-first heap   total 189440K, used 125513K [0x0000000080000000, 0x0000000100000000)
  region size 1024K, 2 young (2048K), 2 survivors (2048K)
 Metaspace       used 115714K, capacity 118824K, committed 118912K, reserved 1153024K
  class space    used 14819K, capacity 16064K, committed 16076K, reserved 1048576K
}
Event: 115.405 GC heap before
{Heap before GC invocations=88 (full 0):
 garbage-first heap   total 189440K, used 142921K [0x0000000080000000, 0x0000000100000000)
  region size 1024K, 4 young (4096K), 2 survivors (2048K)
 Metaspace       used 115865K, capacity 118961K, committed 119040K, reserved 1153024K
  class space    used 14841K, capacity 16130K, committed 16204K, reserved 1048576K
}
Event: 115.408 GC heap after
{Heap after GC invocations=89 (full 0):
 garbage-first heap   total 189440K, used 135809K [0x0000000080000000, 0x0000000100000000)
  region size 1024K, 2 young (2048K), 2 survivors (2048K)
 Metaspace       used 115865K, capacity 118961K, committed 119040K, reserved 1153024K
  class space    used 14841K, capacity 16130K, committed 16204K, reserved 1048576K
}
Event: 488.281 GC heap before
{Heap before GC invocations=90 (full 0):
 garbage-first heap   total 189440K, used 170625K [0x0000000080000000, 0x0000000100000000)
  region size 1024K, 25 young (25600K), 2 survivors (2048K)
 Metaspace       used 116272K, capacity 119266K, committed 119936K, reserved 1153024K
  class space    used 14814K, capacity 16019K, committed 16332K, reserved 1048576K
}
Event: 488.291 GC heap after
{Heap after GC invocations=91 (full 0):
 garbage-first heap   total 189440K, used 123910K [0x0000000080000000, 0x0000000100000000)
  region size 1024K, 3 young (3072K), 3 survivors (3072K)
 Metaspace       used 116272K, capacity 119266K, committed 119936K, reserved 1153024K
  class space    used 14814K, capacity 16019K, committed 16332K, reserved 1048576K
}
Event: 488.428 GC heap before
{Heap before GC invocations=91 (full 0):
 garbage-first heap   total 189440K, used 129030K [0x0000000080000000, 0x0000000100000000)
  region size 1024K, 9 young (9216K), 3 survivors (3072K)
 Metaspace       used 116373K, capacity 119337K, committed 119936K, reserved 1153024K
  class space    used 14814K, capacity 16019K, committed 16332K, reserved 1048576K
}

